  Game.cpp
d:\c\opr\opr-project\game\game\game.cpp(60): warning C4018: '<': signed/unsigned mismatch
d:\c\opr\opr-project\game\game\game.cpp(64): warning C4244: 'argument': conversion from 'const int' to 'float', possible loss of data
d:\c\opr\opr-project\game\game\game.cpp(105): warning C4244: 'initializing': conversion from 'sf::Int64' to 'float', possible loss of data
d:\c\opr\opr-project\game\game\game.cpp(114): warning C4244: 'argument': conversion from 'double' to 'float', possible loss of data
d:\c\opr\opr-project\game\game\game.cpp(126): warning C4244: 'argument': conversion from 'double' to 'float', possible loss of data
d:\c\opr\opr-project\game\game\game.cpp(145): warning C4018: '<': signed/unsigned mismatch
d:\c\opr\opr-project\game\game\game.cpp(154): warning C4244: 'argument': conversion from 'double' to 'float', possible loss of data
d:\c\opr\opr-project\game\game\game.cpp(157): warning C4018: '<': signed/unsigned mismatch
d:\c\opr\opr-project\game\game\game.cpp(161): warning C4244: 'argument': conversion from 'int' to 'float', possible loss of data
d:\c\opr\opr-project\game\game\game.cpp(168): warning C4018: '<': signed/unsigned mismatch
d:\c\opr\opr-project\game\game\game.cpp(172): warning C4244: 'argument': conversion from 'int' to 'float', possible loss of data
d:\c\opr\opr-project\game\game\game.cpp(175): warning C4244: '+=': conversion from 'double' to 'float', possible loss of data
d:\c\opr\opr-project\game\game\game.cpp(187): warning C4244: 'argument': conversion from 'double' to 'float', possible loss of data
d:\c\opr\opr-project\game\game\game.cpp(192): warning C4018: '<': signed/unsigned mismatch
d:\c\opr\opr-project\game\game\game.cpp(196): warning C4018: '<': signed/unsigned mismatch
d:\c\opr\opr-project\game\game\game.cpp(91): warning C4101: 'dy': unreferenced local variable
d:\c\opr\opr-project\game\game\game.cpp(95): warning C4101: 'Left': unreferenced local variable
d:\c\opr\opr-project\game\game\game.cpp(90): warning C4101: 'dx': unreferenced local variable
d:\c\opr\opr-project\game\game\game.cpp(96): warning C4101: 'Up': unreferenced local variable
d:\c\opr\opr-project\game\game\game.cpp(104): warning C4101: 'coordDepend': unreferenced local variable
  D:\C\SFML\bin\openal32.dll
  D:\C\SFML\bin\sfml-audio-2.dll
  D:\C\SFML\bin\sfml-audio-d-2.dll
  D:\C\SFML\bin\sfml-graphics-2.dll
  D:\C\SFML\bin\sfml-graphics-d-2.dll
  D:\C\SFML\bin\sfml-network-2.dll
  D:\C\SFML\bin\sfml-network-d-2.dll
  D:\C\SFML\bin\sfml-system-2.dll
  D:\C\SFML\bin\sfml-system-d-2.dll
  D:\C\SFML\bin\sfml-window-2.dll
  D:\C\SFML\bin\sfml-window-d-2.dll
  Скопировано файлов: 11.
  Game.vcxproj -> D:\C\OPR\OPR-Project\Game\Game\Debug\Game.exe
  Game.vcxproj -> D:\C\OPR\OPR-Project\Game\Game\Debug\Game.pdb (Full PDB)
