Minigame.obj : error LNK2019: unresolved external symbol "__declspec(dllimport) public: __cdecl sf::String::String(char,class std::locale const &)" (__imp_??0String@sf@@QEAA@DAEBVlocale@std@@@Z) referenced in function "void __cdecl CheckNearNulls(struct Sapper &,int)" (?CheckNearNulls@@YAXAEAUSapper@@H@Z)
Minigame.obj : error LNK2019: unresolved external symbol "__declspec(dllimport) public: __cdecl sf::String::String(char const *,class std::locale const &)" (__imp_??0String@sf@@QEAA@PEBDAEBVlocale@std@@@Z) referenced in function "void __cdecl SetFlag(class sf::RenderWindow &,struct Sapper &,class sf::Event &,bool &,int &,int &)" (?SetFlag@@YAXAEAVRenderWindow@sf@@AEAUSapper@@AEAVEvent@2@AEA_NAEAH4@Z)
Minigame.obj : error LNK2019: unresolved external symbol "__declspec(dllimport) public: __cdecl sf::String::String(class std::basic_string<char,struct std::char_traits<char>,class std::allocator<char> > const &,class std::locale const &)" (__imp_??0String@sf@@QEAA@AEBV?$basic_string@DU?$char_traits@D@std@@V?$allocator@D@2@@std@@AEBVlocale@3@@Z) referenced in function "void __cdecl CheckNearNulls(struct Sapper &,int)" (?CheckNearNulls@@YAXAEAUSapper@@H@Z)
Minigame.obj : error LNK2019: unresolved external symbol "__declspec(dllimport) bool __cdecl sf::operator==(class sf::String const &,class sf::String const &)" (__imp_??8sf@@YA_NAEBVString@0@0@Z) referenced in function "void __cdecl CheckNearNulls(struct Sapper &,int)" (?CheckNearNulls@@YAXAEAUSapper@@H@Z)
Minigame.obj : error LNK2019: unresolved external symbol "__declspec(dllimport) public: __cdecl sf::String::~String(void)" (__imp_??1String@sf@@QEAA@XZ) referenced in function "void __cdecl CheckNearNulls(struct Sapper &,int)" (?CheckNearNulls@@YAXAEAUSapper@@H@Z)
Minigame.obj : error LNK2019: unresolved external symbol "__declspec(dllimport) bool __cdecl sf::operator!=(class sf::String const &,class sf::String const &)" (__imp_??9sf@@YA_NAEBVString@0@0@Z) referenced in function "void __cdecl CreateFieldValues(struct Sapper &)" (?CreateFieldValues@@YAXAEAUSapper@@@Z)
Minigame.obj : error LNK2019: unresolved external symbol "__declspec(dllimport) public: __cdecl sf::VideoMode::VideoMode(unsigned int,unsigned int,unsigned int)" (__imp_??0VideoMode@sf@@QEAA@III@Z) referenced in function main
Minigame.obj : error LNK2019: unresolved external symbol "__declspec(dllimport) public: void __cdecl sf::Window::close(void)" (__imp_?close@Window@sf@@QEAAXXZ) referenced in function "void __cdecl ProcessGame(class sf::RenderWindow &,struct Sapper &)" (?ProcessGame@@YAXAEAVRenderWindow@sf@@AEAUSapper@@@Z)
Minigame.obj : error LNK2019: unresolved external symbol "__declspec(dllimport) public: bool __cdecl sf::Window::isOpen(void)const " (__imp_?isOpen@Window@sf@@QEBA_NXZ) referenced in function "void __cdecl ProcessGame(class sf::RenderWindow &,struct Sapper &)" (?ProcessGame@@YAXAEAVRenderWindow@sf@@AEAUSapper@@@Z)
Minigame.obj : error LNK2019: unresolved external symbol "__declspec(dllimport) public: bool __cdecl sf::Window::pollEvent(class sf::Event &)" (__imp_?pollEvent@Window@sf@@QEAA_NAEAVEvent@2@@Z) referenced in function "void __cdecl ProcessGame(class sf::RenderWindow &,struct Sapper &)" (?ProcessGame@@YAXAEAVRenderWindow@sf@@AEAUSapper@@@Z)
Minigame.obj : error LNK2019: unresolved external symbol "__declspec(dllimport) public: void __cdecl sf::Window::display(void)" (__imp_?display@Window@sf@@QEAAXXZ) referenced in function "void __cdecl DrawField(struct Sapper &,class sf::RenderWindow &)" (?DrawField@@YAXAEAUSapper@@AEAVRenderWindow@sf@@@Z)
Minigame.obj : error LNK2019: unresolved external symbol "__declspec(dllimport) public: void __cdecl sf::Transformable::setPosition(float,float)" (__imp_?setPosition@Transformable@sf@@QEAAXMM@Z) referenced in function "void __cdecl CreateDigits(struct Sapper &)" (?CreateDigits@@YAXAEAUSapper@@@Z)
Minigame.obj : error LNK2019: unresolved external symbol "__declspec(dllimport) public: void __cdecl sf::Shape::setFillColor(class sf::Color const &)" (__imp_?setFillColor@Shape@sf@@QEAAXAEBVColor@2@@Z) referenced in function "void __cdecl CreateField(struct Sapper &)" (?CreateField@@YAXAEAUSapper@@@Z)
Minigame.obj : error LNK2019: unresolved external symbol "__declspec(dllimport) public: void __cdecl sf::Shape::setOutlineColor(class sf::Color const &)" (__imp_?setOutlineColor@Shape@sf@@QEAAXAEBVColor@2@@Z) referenced in function "void __cdecl CreateField(struct Sapper &)" (?CreateField@@YAXAEAUSapper@@@Z)
Minigame.obj : error LNK2019: unresolved external symbol "__declspec(dllimport) public: void __cdecl sf::Shape::setOutlineThickness(float)" (__imp_?setOutlineThickness@Shape@sf@@QEAAXM@Z) referenced in function "void __cdecl CreateField(struct Sapper &)" (?CreateField@@YAXAEAUSapper@@@Z)
Minigame.obj : error LNK2019: unresolved external symbol "__declspec(dllimport) public: __cdecl sf::Font::Font(void)" (__imp_??0Font@sf@@QEAA@XZ) referenced in function "public: __cdecl Sapper::Sapper(void)" (??0Sapper@@QEAA@XZ)
Minigame.obj : error LNK2019: unresolved external symbol "__declspec(dllimport) public: __cdecl sf::Font::~Font(void)" (__imp_??1Font@sf@@QEAA@XZ) referenced in function "public: __cdecl Sapper::~Sapper(void)" (??1Sapper@@QEAA@XZ)
Minigame.obj : error LNK2019: unresolved external symbol "__declspec(dllimport) public: bool __cdecl sf::Font::loadFromFile(class std::basic_string<char,struct std::char_traits<char>,class std::allocator<char> > const &)" (__imp_?loadFromFile@Font@sf@@QEAA_NAEBV?$basic_string@DU?$char_traits@D@std@@V?$allocator@D@2@@std@@@Z) referenced in function main
Minigame.obj : error LNK2019: unresolved external symbol "__declspec(dllimport) public: __cdecl sf::RectangleShape::RectangleShape(class sf::Vector2<float> const &)" (__imp_??0RectangleShape@sf@@QEAA@AEBV?$Vector2@M@1@@Z) referenced in function "public: void __cdecl std::allocator<class sf::RectangleShape>::construct<class sf::RectangleShape>(class sf::RectangleShape *)" (??$construct@VRectangleShape@sf@@$$V@?$allocator@VRectangleShape@sf@@@std@@QEAAXPEAVRectangleShape@sf@@@Z)
Minigame.obj : error LNK2019: unresolved external symbol "__declspec(dllimport) public: void __cdecl sf::RectangleShape::setSize(class sf::Vector2<float> const &)" (__imp_?setSize@RectangleShape@sf@@QEAAXAEBV?$Vector2@M@2@@Z) referenced in function "void __cdecl CreateField(struct Sapper &)" (?CreateField@@YAXAEAUSapper@@@Z)
Minigame.obj : error LNK2019: unresolved external symbol "__declspec(dllimport) public: virtual __cdecl sf::RectangleShape::~RectangleShape(void)" (__imp_??1RectangleShape@sf@@UEAA@XZ) referenced in function "public: virtual void * __cdecl sf::RectangleShape::`scalar deleting destructor'(unsigned int)" (??_GRectangleShape@sf@@UEAAPEAXI@Z)
Minigame.obj : error LNK2019: unresolved external symbol "__declspec(dllimport) public: __cdecl sf::RectangleShape::RectangleShape(class sf::RectangleShape &&)" (__imp_??0RectangleShape@sf@@QEAA@$$QEAV01@@Z) referenced in function "public: void __cdecl std::allocator<class sf::RectangleShape>::construct<class sf::RectangleShape,class sf::RectangleShape>(class sf::RectangleShape *,class sf::RectangleShape &&)" (??$construct@VRectangleShape@sf@@V12@@?$allocator@VRectangleShape@sf@@@std@@QEAAXPEAVRectangleShape@sf@@$$QEAV23@@Z)
Minigame.obj : error LNK2019: unresolved external symbol "__declspec(dllimport) public: void __cdecl sf::RenderTarget::clear(class sf::Color const &)" (__imp_?clear@RenderTarget@sf@@QEAAXAEBVColor@2@@Z) referenced in function "void __cdecl ProcessGame(class sf::RenderWindow &,struct Sapper &)" (?ProcessGame@@YAXAEAVRenderWindow@sf@@AEAUSapper@@@Z)
Minigame.obj : error LNK2019: unresolved external symbol "__declspec(dllimport) public: void __cdecl sf::RenderTarget::draw(class sf::Drawable const &,class sf::RenderStates const &)" (__imp_?draw@RenderTarget@sf@@QEAAXAEBVDrawable@2@AEBVRenderStates@2@@Z) referenced in function "void __cdecl DrawField(struct Sapper &,class sf::RenderWindow &)" (?DrawField@@YAXAEAUSapper@@AEAVRenderWindow@sf@@@Z)
Minigame.obj : error LNK2019: unresolved external symbol "__declspec(dllimport) public: __cdecl sf::RenderWindow::RenderWindow(class sf::VideoMode,class sf::String const &,unsigned int,struct sf::ContextSettings const &)" (__imp_??0RenderWindow@sf@@QEAA@VVideoMode@1@AEBVString@1@IAEBUContextSettings@1@@Z) referenced in function main
Minigame.obj : error LNK2019: unresolved external symbol "__declspec(dllimport) public: virtual __cdecl sf::RenderWindow::~RenderWindow(void)" (__imp_??1RenderWindow@sf@@UEAA@XZ) referenced in function main
Minigame.obj : error LNK2019: unresolved external symbol "__declspec(dllimport) public: __cdecl sf::Text::Text(void)" (__imp_??0Text@sf@@QEAA@XZ) referenced in function "public: void __cdecl std::allocator<class sf::Text>::construct<class sf::Text>(class sf::Text *)" (??$construct@VText@sf@@$$V@?$allocator@VText@sf@@@std@@QEAAXPEAVText@sf@@@Z)
Minigame.obj : error LNK2019: unresolved external symbol "__declspec(dllimport) public: void __cdecl sf::Text::setString(class sf::String const &)" (__imp_?setString@Text@sf@@QEAAXAEBVString@2@@Z) referenced in function "void __cdecl CreateDigits(struct Sapper &)" (?CreateDigits@@YAXAEAUSapper@@@Z)
Minigame.obj : error LNK2019: unresolved external symbol "__declspec(dllimport) public: void __cdecl sf::Text::setFont(class sf::Font const &)" (__imp_?setFont@Text@sf@@QEAAXAEBVFont@2@@Z) referenced in function "void __cdecl CreateDigits(struct Sapper &)" (?CreateDigits@@YAXAEAUSapper@@@Z)
Minigame.obj : error LNK2019: unresolved external symbol "__declspec(dllimport) public: void __cdecl sf::Text::setCharacterSize(unsigned int)" (__imp_?setCharacterSize@Text@sf@@QEAAXI@Z) referenced in function "void __cdecl CreateDigits(struct Sapper &)" (?CreateDigits@@YAXAEAUSapper@@@Z)
Minigame.obj : error LNK2019: unresolved external symbol "__declspec(dllimport) public: void __cdecl sf::Text::setFillColor(class sf::Color const &)" (__imp_?setFillColor@Text@sf@@QEAAXAEBVColor@2@@Z) referenced in function "void __cdecl CreateDigits(struct Sapper &)" (?CreateDigits@@YAXAEAUSapper@@@Z)
Minigame.obj : error LNK2019: unresolved external symbol "__declspec(dllimport) public: virtual __cdecl sf::Text::~Text(void)" (__imp_??1Text@sf@@UEAA@XZ) referenced in function "public: virtual void * __cdecl sf::Text::`scalar deleting destructor'(unsigned int)" (??_GText@sf@@UEAAPEAXI@Z)
Minigame.obj : error LNK2019: unresolved external symbol "__declspec(dllimport) public: __cdecl sf::Text::Text(class sf::Text &&)" (__imp_??0Text@sf@@QEAA@$$QEAV01@@Z) referenced in function "public: void __cdecl std::allocator<class sf::Text>::construct<class sf::Text,class sf::Text>(class sf::Text *,class sf::Text &&)" (??$construct@VText@sf@@V12@@?$allocator@VText@sf@@@std@@QEAAXPEAVText@sf@@$$QEAV23@@Z)
Minigame.obj : error LNK2001: unresolved external symbol "private: virtual void __cdecl sf::Shape::draw(class sf::RenderTarget &,class sf::RenderStates)const " (?draw@Shape@sf@@EEBAXAEAVRenderTarget@2@VRenderStates@2@@Z)
Minigame.obj : error LNK2001: unresolved external symbol "private: virtual void __cdecl sf::Text::draw(class sf::RenderTarget &,class sf::RenderStates)const " (?draw@Text@sf@@EEBAXAEAVRenderTarget@2@VRenderStates@2@@Z)
Minigame.obj : error LNK2001: unresolved external symbol "public: virtual class sf::Vector2<float> __cdecl sf::RectangleShape::getPoint(unsigned __int64)const " (?getPoint@RectangleShape@sf@@UEBA?AV?$Vector2@M@2@_K@Z)
Minigame.obj : error LNK2001: unresolved external symbol "public: virtual unsigned __int64 __cdecl sf::RectangleShape::getPointCount(void)const " (?getPointCount@RectangleShape@sf@@UEBA_KXZ)
Minigame.obj : error LNK2001: unresolved external symbol "__declspec(dllimport) public: static class sf::RenderStates const sf::RenderStates::Default" (__imp_?Default@RenderStates@sf@@2V12@B)
Minigame.obj : error LNK2001: unresolved external symbol "__declspec(dllimport) public: static class sf::Color const sf::Color::Black" (__imp_?Black@Color@sf@@2V12@B)
Minigame.obj : error LNK2001: unresolved external symbol "__declspec(dllimport) public: static class sf::Color const sf::Color::White" (__imp_?White@Color@sf@@2V12@B)
D:\C\OPR\OPR-Project\Minigame\x64\Debug\Minigame.exe : fatal error LNK1120: 40 unresolved externals
