  Animation.cpp
d:\c\opr\opr-project\animation\animation\animation.cpp(54): warning C4244: '=': conversion from 'double' to 'float', possible loss of data
d:\c\opr\opr-project\animation\animation\animation.cpp(58): warning C4244: '=': conversion from 'double' to 'float', possible loss of data
d:\c\opr\opr-project\animation\animation\animation.cpp(74): warning C4244: '=': conversion from 'double' to 'float', possible loss of data
d:\c\opr\opr-project\animation\animation\animation.cpp(78): warning C4244: '=': conversion from 'double' to 'float', possible loss of data
d:\c\opr\opr-project\animation\animation\animation.cpp(130): warning C4244: 'argument': conversion from 'const int' to 'float', possible loss of data
d:\c\opr\opr-project\animation\animation\animation.cpp(148): warning C4244: 'argument': conversion from 'const int' to 'float', possible loss of data
d:\c\opr\opr-project\animation\animation\animation.cpp(183): warning C4244: 'argument': conversion from 'const int' to 'float', possible loss of data
d:\c\opr\opr-project\animation\animation\animation.cpp(195): warning C4244: 'argument': conversion from 'const int' to 'float', possible loss of data
d:\c\opr\opr-project\animation\animation\animation.cpp(206): warning C4244: 'argument': conversion from 'const int' to 'float', possible loss of data
d:\c\opr\opr-project\animation\animation\animation.cpp(235): warning C4244: 'argument': conversion from 'const int' to 'float', possible loss of data
d:\c\opr\opr-project\animation\animation\animation.cpp(258): warning C4244: '=': conversion from 'double' to 'float', possible loss of data
  D:\C\SFML\bin\openal32.dll
  D:\C\SFML\bin\sfml-audio-2.dll
  D:\C\SFML\bin\sfml-audio-d-2.dll
  D:\C\SFML\bin\sfml-graphics-2.dll
  D:\C\SFML\bin\sfml-graphics-d-2.dll
  D:\C\SFML\bin\sfml-network-2.dll
  D:\C\SFML\bin\sfml-network-d-2.dll
  D:\C\SFML\bin\sfml-system-2.dll
  D:\C\SFML\bin\sfml-system-d-2.dll
  D:\C\SFML\bin\sfml-window-2.dll
  D:\C\SFML\bin\sfml-window-d-2.dll
  Скопировано файлов: 11.
  Animation.vcxproj -> D:\C\OPR\OPR-Project\Animation\Debug\Animation.exe
  Animation.vcxproj -> D:\C\OPR\OPR-Project\Animation\Debug\Animation.pdb (Full PDB)
